Build started 09-04-2014 10:32:43.
     1>Project "C:\of_v0.8.0_vs_release\libs\openFrameworksCompiled\project\vs\openframeworksLib.vcxproj" on node 2 (Rebuild target(s)).
     1>ClCompile:
         C:\Program Files (x86)\Microsoft Visual Studio 11.0\VC\bin\CL.exe /c /I..\..\..\openFrameworks /I..\..\..\openFrameworks\graphics /I..\..\..\openFrameworks\app /I..\..\..\openFrameworks\sound /I..\..\..\openFrameworks\utils /I..\..\..\openFrameworks\communication /I..\..\..\openFrameworks\video /I..\..\..\openFrameworks\types /I..\..\..\openFrameworks\math /I..\..\..\openFrameworks\3d /I..\..\..\openFrameworks\gl /I..\..\..\openFrameworks\events /I..\..\..\glut\include /I..\..\..\rtAudio\include /I..\..\..\quicktime\include /I..\..\..\freetype\include /I..\..\..\freetype\include\freetype2 /I..\..\..\freeImage\include /I..\..\..\fmodex\include /I..\..\..\videoInput\include /I..\..\..\glew\include\ /I..\..\..\glu\include /I..\..\..\tess2\include /I..\..\..\cairo\include\cairo /I..\..\..\poco\include /I..\..\..\glfw\include /I..\..\..\openssl\include /I..\..\..\addons /Zi /nologo /W1 /WX- /O2 /Oy- /D WIN32 /D NDEBUG /D _CONSOLE /D POCO_STATIC /D CAIRO_WIN32_STATIC_BUILD /D DISABLE_SOME_FLOATING_POINT /D _UNICODE /D UNICODE /Gm- /EHsc /MD /GS /fp:precise /Zc:wchar_t /Zc:forScope /Fo"obj\Release\\" /Fd"obj\Release\vc110.pdb" /Gd /TP /analyze- /errorReport:prompt ..\..\..\openFrameworks\3d\of3dPrimitives.cpp ..\..\..\openFrameworks\3d\of3dUtils.cpp ..\..\..\openFrameworks\3d\ofCamera.cpp ..\..\..\openFrameworks\3d\ofEasyCam.cpp ..\..\..\openFrameworks\3d\ofMesh.cpp ..\..\..\openFrameworks\3d\ofNode.cpp ..\..\..\openFrameworks\app\ofAppGLFWWindow.cpp ..\..\..\openFrameworks\app\ofAppGlutWindow.cpp ..\..\..\openFrameworks\app\ofAppNoWindow.cpp ..\..\..\openFrameworks\app\ofAppRunner.cpp ..\..\..\openFrameworks\events\ofEvents.cpp ..\..\..\openFrameworks\gl\ofFbo.cpp ..\..\..\openFrameworks\gl\ofGLRenderer.cpp ..\..\..\openFrameworks\gl\ofGLUtils.cpp ..\..\..\openFrameworks\gl\ofLight.cpp ..\..\..\openFrameworks\gl\ofMaterial.cpp ..\..\..\openFrameworks\gl\ofGLProgrammableRenderer.cpp ..\..\..\openFrameworks\gl\ofShader.cpp ..\..\..\openFrameworks\gl\ofTexture.cpp ..\..\..\openFrameworks\gl\ofVbo.cpp ..\..\..\openFrameworks\gl\ofVboMesh.cpp ..\..\..\openFrameworks\graphics\of3dGraphics.cpp ..\..\..\openFrameworks\graphics\ofBitmapFont.cpp ..\..\..\openFrameworks\graphics\ofCairoRenderer.cpp ..\..\..\openFrameworks\graphics\ofGraphics.cpp ..\..\..\openFrameworks\graphics\ofImage.cpp ..\..\..\openFrameworks\graphics\ofPath.cpp ..\..\..\openFrameworks\graphics\ofPixels.cpp ..\..\..\openFrameworks\graphics\ofPolyline.cpp ..\..\..\openFrameworks\graphics\ofRendererCollection.cpp ..\..\..\openFrameworks\graphics\ofTessellator.cpp ..\..\..\openFrameworks\graphics\ofTrueTypeFont.cpp ..\..\..\openFrameworks\math\ofMath.cpp ..\..\..\openFrameworks\math\ofMatrix3x3.cpp ..\..\..\openFrameworks\math\ofMatrix4x4.cpp ..\..\..\openFrameworks\math\ofQuaternion.cpp ..\..\..\openFrameworks\math\ofVec2f.cpp ..\..\..\openFrameworks\math\ofVec4f.cpp ..\..\..\openFrameworks\sound\ofFmodSoundPlayer.cpp ..\..\..\openFrameworks\sound\ofRtAudioSoundStream.cpp ..\..\..\openFrameworks\sound\ofSoundPlayer.cpp ..\..\..\openFrameworks\sound\ofSoundStream.cpp ..\..\..\openFrameworks\types\ofBaseTypes.cpp ..\..\..\openFrameworks\types\ofColor.cpp ..\..\..\openFrameworks\types\ofParameter.cpp ..\..\..\openFrameworks\types\ofParameterGroup.cpp ..\..\..\openFrameworks\types\ofRectangle.cpp ..\..\..\openFrameworks\utils\ofFileUtils.cpp ..\..\..\openFrameworks\utils\ofLog.cpp ..\..\..\openFrameworks\utils\ofMatrixStack.cpp ..\..\..\openFrameworks\utils\ofSystemUtils.cpp ..\..\..\openFrameworks\utils\ofThread.cpp ..\..\..\openFrameworks\utils\ofURLFileLoader.cpp ..\..\..\openFrameworks\utils\ofUtils.cpp ..\..\..\openFrameworks\utils\ofXml.cpp ..\..\..\openFrameworks\video\ofDirectShowGrabber.cpp ..\..\..\openFrameworks\video\ofQtUtils.cpp ..\..\..\openFrameworks\video\ofQuickTimeGrabber.cpp ..\..\..\openFrameworks\video\ofQuickTimePlayer.cpp ..\..\..\openFrameworks\video\ofVideoGrabber.cpp ..\..\..\openFrameworks\video\ofVideoPlayer.cpp ..\..\..\openFrameworks\communication\ofArduino.cpp ..\..\..\openFrameworks\communication\ofSerial.cpp
         of3dPrimitives.cpp
         of3dUtils.cpp
         ofCamera.cpp
         ofEasyCam.cpp
         ofMesh.cpp
         ofNode.cpp
         ofAppGLFWWindow.cpp
         ofAppGlutWindow.cpp
         ofAppNoWindow.cpp
         ofAppRunner.cpp
         ofEvents.cpp
         ofFbo.cpp
         ofGLRenderer.cpp
         ofGLUtils.cpp
         ofLight.cpp
         ofMaterial.cpp
         ofGLProgrammableRenderer.cpp
         ofShader.cpp
         ofTexture.cpp
         ofVbo.cpp
         Generating Code...
         Compiling...
         ofVboMesh.cpp
         of3dGraphics.cpp
         ofBitmapFont.cpp
         ofCairoRenderer.cpp
         ofGraphics.cpp
         ofImage.cpp
         ofPath.cpp
         ofPixels.cpp
         ofPolyline.cpp
         ofRendererCollection.cpp
         ofTessellator.cpp
         ofTrueTypeFont.cpp
         ofMath.cpp
         ofMatrix3x3.cpp
         ofMatrix4x4.cpp
         ofQuaternion.cpp
         ofVec2f.cpp
         ofVec4f.cpp
         ofFmodSoundPlayer.cpp
         ofRtAudioSoundStream.cpp
         Generating Code...
         Compiling...
         ofSoundPlayer.cpp
         ofSoundStream.cpp
         ofBaseTypes.cpp
         ofColor.cpp
         ofParameter.cpp
         ofParameterGroup.cpp
         ofRectangle.cpp
         ofFileUtils.cpp
         ofLog.cpp
         ofMatrixStack.cpp
         ofSystemUtils.cpp
         ofThread.cpp
         ofURLFileLoader.cpp
         ofUtils.cpp
         ofXml.cpp
         ofDirectShowGrabber.cpp
         ofQtUtils.cpp
         ofQuickTimeGrabber.cpp
         ofQuickTimePlayer.cpp
         ofVideoGrabber.cpp
         Generating Code...
         Compiling...
         ofVideoPlayer.cpp
         ofArduino.cpp
         ofSerial.cpp
         Generating Code...
       Lib:
         C:\Program Files (x86)\Microsoft Visual Studio 11.0\VC\bin\Lib.exe /OUT:"..\..\lib\vs\openframeworksLib.lib" /NOLOGO /LTCG obj\Release\of3dPrimitives.obj
         obj\Release\of3dUtils.obj
         obj\Release\ofCamera.obj
         obj\Release\ofEasyCam.obj
         obj\Release\ofMesh.obj
         obj\Release\ofNode.obj
         obj\Release\ofAppGLFWWindow.obj
         obj\Release\ofAppGlutWindow.obj
         obj\Release\ofAppNoWindow.obj
         obj\Release\ofAppRunner.obj
         obj\Release\ofEvents.obj
         obj\Release\ofFbo.obj
         obj\Release\ofGLRenderer.obj
         obj\Release\ofGLUtils.obj
         obj\Release\ofLight.obj
         obj\Release\ofMaterial.obj
         obj\Release\ofGLProgrammableRenderer.obj
         obj\Release\ofShader.obj
         obj\Release\ofTexture.obj
         obj\Release\ofVbo.obj
         obj\Release\ofVboMesh.obj
         obj\Release\of3dGraphics.obj
         obj\Release\ofBitmapFont.obj
         obj\Release\ofCairoRenderer.obj
         obj\Release\ofGraphics.obj
         obj\Release\ofImage.obj
         obj\Release\ofPath.obj
         obj\Release\ofPixels.obj
         obj\Release\ofPolyline.obj
         obj\Release\ofRendererCollection.obj
         obj\Release\ofTessellator.obj
         obj\Release\ofTrueTypeFont.obj
         obj\Release\ofMath.obj
         obj\Release\ofMatrix3x3.obj
         obj\Release\ofMatrix4x4.obj
         obj\Release\ofQuaternion.obj
         obj\Release\ofVec2f.obj
         obj\Release\ofVec4f.obj
         obj\Release\ofFmodSoundPlayer.obj
         obj\Release\ofRtAudioSoundStream.obj
         obj\Release\ofSoundPlayer.obj
         obj\Release\ofSoundStream.obj
         obj\Release\ofBaseTypes.obj
         obj\Release\ofColor.obj
         obj\Release\ofParameter.obj
         obj\Release\ofParameterGroup.obj
         obj\Release\ofRectangle.obj
         obj\Release\ofFileUtils.obj
         obj\Release\ofLog.obj
         obj\Release\ofMatrixStack.obj
         obj\Release\ofSystemUtils.obj
         obj\Release\ofThread.obj
         obj\Release\ofURLFileLoader.obj
         obj\Release\ofUtils.obj
         obj\Release\ofXml.obj
         obj\Release\ofDirectShowGrabber.obj
         obj\Release\ofQtUtils.obj
         obj\Release\ofQuickTimeGrabber.obj
         obj\Release\ofQuickTimePlayer.obj
         obj\Release\ofVideoGrabber.obj
         obj\Release\ofVideoPlayer.obj
         obj\Release\ofArduino.obj
         obj\Release\ofSerial.obj
         openframeworksLib.vcxproj -> C:\of_v0.8.0_vs_release\libs\openFrameworksCompiled\project\vs\..\..\lib\vs\openframeworksLib.lib
     1>Done Building Project "C:\of_v0.8.0_vs_release\libs\openFrameworksCompiled\project\vs\openframeworksLib.vcxproj" (Rebuild target(s)).

Build succeeded.

Time Elapsed 00:03:11.16
