Build started 09-04-2014 10:40:14.
     1>Project "C:\of_v0.8.0_vs_release\apps\myApps\kinectExample\kinectExample.vcxproj" on node 2 (Rebuild target(s)).
     1>ClCompile:
         C:\Program Files (x86)\Microsoft Visual Studio 11.0\VC\bin\CL.exe /c /I..\..\..\addons\ofxKinectCommonBridge\libs\KinectCommonBridge\include /I"C:\Program Files\Microsoft SDKs\Kinect\v1.8\inc" /I"C:\Program Files\Microsoft SDKs\Kinect\Developer Toolkit v1.8.0\inc" /I..\..\..\libs\openFrameworks /I..\..\..\libs\openFrameworks\graphics /I..\..\..\libs\openFrameworks\app /I..\..\..\libs\openFrameworks\sound /I..\..\..\libs\openFrameworks\utils /I..\..\..\libs\openFrameworks\communication /I..\..\..\libs\openFrameworks\video /I..\..\..\libs\openFrameworks\types /I..\..\..\libs\openFrameworks\math /I..\..\..\libs\openFrameworks\3d /I..\..\..\libs\openFrameworks\gl /I..\..\..\libs\openFrameworks\events /I..\..\..\libs\glut\include /I..\..\..\libs\rtAudio\include /I..\..\..\libs\quicktime\include /I..\..\..\libs\freetype\include /I..\..\..\libs\freetype\include\freetype2 /I..\..\..\libs\freeImage\include /I..\..\..\libs\fmodex\include /I..\..\..\libs\videoInput\include /I..\..\..\libs\glew\include\ /I..\..\..\libs\glu\include /I..\..\..\libs\tess2\include /I..\..\..\libs\cairo\include\cairo /I..\..\..\libs\poco\include /I..\..\..\libs\glfw\include /I..\..\..\..\libs\openssl\include /I..\..\..\addons /I..\..\..\addons\ofxGui\libs /I..\..\..\addons\ofxGui\src /I..\..\..\addons\ofxKinect\libs /I..\..\..\addons\ofxKinect\src /I..\..\..\addons\ofxKinect\libs\libfreenect /I..\..\..\addons\ofxKinect\libs\libfreenect\include /I..\..\..\addons\ofxKinect\libs\libfreenect\platform /I..\..\..\addons\ofxKinect\libs\libfreenect\platform\windows /I..\..\..\addons\ofxKinect\libs\libfreenect\platform\windows\inf /I"..\..\..\addons\ofxKinect\libs\libfreenect\platform\windows\inf\xbox nui audio" /I"..\..\..\addons\ofxKinect\libs\libfreenect\platform\windows\inf\xbox nui audio\amd64" /I"..\..\..\addons\ofxKinect\libs\libfreenect\platform\windows\inf\xbox nui audio\ia64" /I"..\..\..\addons\ofxKinect\libs\libfreenect\platform\windows\inf\xbox nui audio\license" /I"..\..\..\addons\ofxKinect\libs\libfreenect\platform\windows\inf\xbox nui audio\license\libusb-win32" /I"..\..\..\addons\ofxKinect\libs\libfreenect\platform\windows\inf\xbox nui audio\x86" /I"..\..\..\addons\ofxKinect\libs\libfreenect\platform\windows\inf\xbox nui camera" /I"..\..\..\addons\ofxKinect\libs\libfreenect\platform\windows\inf\xbox nui camera\amd64" /I"..\..\..\addons\ofxKinect\libs\libfreenect\platform\windows\inf\xbox nui camera\ia64" /I"..\..\..\addons\ofxKinect\libs\libfreenect\platform\windows\inf\xbox nui camera\license" /I"..\..\..\addons\ofxKinect\libs\libfreenect\platform\windows\inf\xbox nui camera\license\libusb-win32" /I"..\..\..\addons\ofxKinect\libs\libfreenect\platform\windows\inf\xbox nui camera\x86" /I"..\..\..\addons\ofxKinect\libs\libfreenect\platform\windows\inf\xbox nui motor" /I"..\..\..\addons\ofxKinect\libs\libfreenect\platform\windows\inf\xbox nui motor\amd64" /I"..\..\..\addons\ofxKinect\libs\libfreenect\platform\windows\inf\xbox nui motor\ia64" /I"..\..\..\addons\ofxKinect\libs\libfreenect\platform\windows\inf\xbox nui motor\license" /I"..\..\..\addons\ofxKinect\libs\libfreenect\platform\windows\inf\xbox nui motor\license\libusb-win32" /I"..\..\..\addons\ofxKinect\libs\libfreenect\platform\windows\inf\xbox nui motor\x86" /I..\..\..\addons\ofxKinect\libs\libfreenect\platform\windows\libusb10emu /I"..\..\..\addons\ofxKinect\libs\libfreenect\platform\windows\libusb10emu\libusb-1.0" /I..\..\..\addons\ofxKinect\libs\libfreenect\src /I"..\..\..\addons\ofxKinect\libs\libusb-1.0" /I"..\..\..\addons\ofxKinect\libs\libusb-1.0\include" /I"..\..\..\addons\ofxKinect\libs\libusb-1.0\include\libusb-1.0" /I"..\..\..\addons\ofxKinect\libs\libusb-1.0\lib" /I"..\..\..\addons\ofxKinect\libs\libusb-win32" /I"..\..\..\addons\ofxKinect\libs\libusb-win32\include" /I"..\..\..\addons\ofxKinect\libs\libusb-win32\lib" /I"..\..\..\addons\ofxKinect\libs\libusb-win32\lib\vs" /I..\..\..\addons\ofxKinect\src\extra /I..\..\..\addons\ofxOpenCv\libs /I..\..\..\addons\ofxOpenCv\src /I..\..\..\addons\ofxOpenCv\libs\opencv /I..\..\..\addons\ofxOpenCv\libs\opencv\include /I..\..\..\addons\ofxOpenCv\libs\opencv\include\opencv /I..\..\..\addons\ofxOpenCv\libs\opencv\include\opencv2 /I..\..\..\addons\ofxOpenCv\libs\opencv\include\opencv2\calib3d /I..\..\..\addons\ofxOpenCv\libs\opencv\include\opencv2\contrib /I..\..\..\addons\ofxOpenCv\libs\opencv\include\opencv2\core /I..\..\..\addons\ofxOpenCv\libs\opencv\include\opencv2\features2d /I..\..\..\addons\ofxOpenCv\libs\opencv\include\opencv2\flann /I..\..\..\addons\ofxOpenCv\libs\opencv\include\opencv2\gpu /I..\..\..\addons\ofxOpenCv\libs\opencv\include\opencv2\highgui /I..\..\..\addons\ofxOpenCv\libs\opencv\include\opencv2\imgproc /I..\..\..\addons\ofxOpenCv\libs\opencv\include\opencv2\legacy /I..\..\..\addons\ofxOpenCv\libs\opencv\include\opencv2\ml /I..\..\..\addons\ofxOpenCv\libs\opencv\include\opencv2\objdetect /I..\..\..\addons\ofxOpenCv\libs\opencv\include\opencv2\ts /I..\..\..\addons\ofxOpenCv\libs\opencv\include\opencv2\video /I..\..\..\addons\ofxOpenCv\libs\opencv\lib /I..\..\..\addons\ofxOpenCv\libs\opencv\lib\vs /I..\..\..\addons\ofxKinectCommonBridge\libs /I..\..\..\addons\ofxKinectCommonBridge\src /I..\..\..\addons\ofxKinectCommonBridge\libs\KinectCommonBridge /I..\..\..\addons\ofxKinectCommonBridge\libs\KinectCommonBridge\include /I..\..\..\addons\ofxKinectCommonBridge\libs\KinectCommonBridge\lib /I..\..\..\addons\ofxKinectCommonBridge\libs\KinectCommonBridge\lib\windows /Zi /nologo /W3 /WX- /O2 /Oy- /D WIN32 /D NDEBUG /D _CONSOLE /D POCO_STATIC /D CAIRO_WIN32_STATIC_BUILD /D DISABLE_SOME_FLOATING_POINT /D _UNICODE /D UNICODE /Gm- /EHsc /MD /GS /fp:precise /Zc:wchar_t /Zc:forScope /Fo"obj\Release\\" /Fd"obj\Release\vc110.pdb" /Gd /TP /analyze- /errorReport:prompt src\main.cpp src\testApp.cpp ..\..\..\addons\ofxGui\src\ofxBaseGui.cpp ..\..\..\addons\ofxGui\src\ofxButton.cpp ..\..\..\addons\ofxGui\src\ofxGuiGroup.cpp ..\..\..\addons\ofxGui\src\ofxLabel.cpp ..\..\..\addons\ofxGui\src\ofxPanel.cpp ..\..\..\addons\ofxGui\src\ofxSlider.cpp ..\..\..\addons\ofxGui\src\ofxSliderGroup.cpp ..\..\..\addons\ofxGui\src\ofxToggle.cpp ..\..\..\addons\ofxKinect\src\extra\ofxKinectExtras.cpp ..\..\..\addons\ofxKinect\src\ofxKinect.cpp "..\..\..\addons\ofxKinect\libs\libfreenect\platform\windows\libusb10emu\libusb-1.0\failguard.cpp" "..\..\..\addons\ofxKinect\libs\libfreenect\platform\windows\libusb10emu\libusb-1.0\libusbemu.cpp" ..\..\..\addons\ofxKinect\libs\libfreenect\src\audio.c ..\..\..\addons\ofxKinect\libs\libfreenect\src\cameras.c ..\..\..\addons\ofxKinect\libs\libfreenect\src\core.c ..\..\..\addons\ofxKinect\libs\libfreenect\src\flags.c ..\..\..\addons\ofxKinect\libs\libfreenect\src\keep_alive.c ..\..\..\addons\ofxKinect\libs\libfreenect\src\loader.c ..\..\..\addons\ofxKinect\libs\libfreenect\src\registration.c ..\..\..\addons\ofxKinect\libs\libfreenect\src\tilt.c ..\..\..\addons\ofxKinect\libs\libfreenect\src\usb_libusb10.c ..\..\..\addons\ofxOpenCv\src\ofxCvColorImage.cpp ..\..\..\addons\ofxOpenCv\src\ofxCvContourFinder.cpp ..\..\..\addons\ofxOpenCv\src\ofxCvFloatImage.cpp ..\..\..\addons\ofxOpenCv\src\ofxCvGrayscaleImage.cpp ..\..\..\addons\ofxOpenCv\src\ofxCvHaarFinder.cpp ..\..\..\addons\ofxOpenCv\src\ofxCvImage.cpp ..\..\..\addons\ofxOpenCv\src\ofxCvShortImage.cpp ..\..\..\addons\ofxKinectCommonBridge\src\ofxKinectCommonBridge.cpp
         main.cpp
     1>C:\of_v0.8.0_vs_release\libs\poco\include\Poco/StreamConverter.h(126): warning C4250: 'Poco::InputStreamConverter' : inherits 'std::basic_istream<_Elem,_Traits>::std::basic_istream<_Elem,_Traits>::_Add_vtordisp1' via dominance
                 with
                 [
                     _Elem=char,
                     _Traits=std::char_traits<char>
                 ]
                 C:\Program Files (x86)\Microsoft Visual Studio 11.0\VC\include\istream(74) : see declaration of 'std::basic_istream<_Elem,_Traits>::_Add_vtordisp1'
                 with
                 [
                     _Elem=char,
                     _Traits=std::char_traits<char>
                 ]
     1>C:\of_v0.8.0_vs_release\libs\poco\include\Poco/StreamConverter.h(144): warning C4250: 'Poco::OutputStreamConverter' : inherits 'std::basic_ostream<_Elem,_Traits>::std::basic_ostream<_Elem,_Traits>::_Add_vtordisp2' via dominance
                 with
                 [
                     _Elem=char,
                     _Traits=std::char_traits<char>
                 ]
                 C:\Program Files (x86)\Microsoft Visual Studio 11.0\VC\include\ostream(90) : see declaration of 'std::basic_ostream<_Elem,_Traits>::_Add_vtordisp2'
                 with
                 [
                     _Elem=char,
                     _Traits=std::char_traits<char>
                 ]
         testApp.cpp
     1>C:\of_v0.8.0_vs_release\libs\poco\include\Poco/StreamConverter.h(126): warning C4250: 'Poco::InputStreamConverter' : inherits 'std::basic_istream<_Elem,_Traits>::std::basic_istream<_Elem,_Traits>::_Add_vtordisp1' via dominance
                 with
                 [
                     _Elem=char,
                     _Traits=std::char_traits<char>
                 ]
                 C:\Program Files (x86)\Microsoft Visual Studio 11.0\VC\include\istream(74) : see declaration of 'std::basic_istream<_Elem,_Traits>::_Add_vtordisp1'
                 with
                 [
                     _Elem=char,
                     _Traits=std::char_traits<char>
                 ]
     1>C:\of_v0.8.0_vs_release\libs\poco\include\Poco/StreamConverter.h(144): warning C4250: 'Poco::OutputStreamConverter' : inherits 'std::basic_ostream<_Elem,_Traits>::std::basic_ostream<_Elem,_Traits>::_Add_vtordisp2' via dominance
                 with
                 [
                     _Elem=char,
                     _Traits=std::char_traits<char>
                 ]
                 C:\Program Files (x86)\Microsoft Visual Studio 11.0\VC\include\ostream(90) : see declaration of 'std::basic_ostream<_Elem,_Traits>::_Add_vtordisp2'
                 with
                 [
                     _Elem=char,
                     _Traits=std::char_traits<char>
                 ]
         ofxBaseGui.cpp
     1>C:\of_v0.8.0_vs_release\libs\poco\include\Poco/StreamConverter.h(126): warning C4250: 'Poco::InputStreamConverter' : inherits 'std::basic_istream<_Elem,_Traits>::std::basic_istream<_Elem,_Traits>::_Add_vtordisp1' via dominance
                 with
                 [
                     _Elem=char,
                     _Traits=std::char_traits<char>
                 ]
                 C:\Program Files (x86)\Microsoft Visual Studio 11.0\VC\include\istream(74) : see declaration of 'std::basic_istream<_Elem,_Traits>::_Add_vtordisp1'
                 with
                 [
                     _Elem=char,
                     _Traits=std::char_traits<char>
                 ]
     1>C:\of_v0.8.0_vs_release\libs\poco\include\Poco/StreamConverter.h(144): warning C4250: 'Poco::OutputStreamConverter' : inherits 'std::basic_ostream<_Elem,_Traits>::std::basic_ostream<_Elem,_Traits>::_Add_vtordisp2' via dominance
                 with
                 [
                     _Elem=char,
                     _Traits=std::char_traits<char>
                 ]
                 C:\Program Files (x86)\Microsoft Visual Studio 11.0\VC\include\ostream(90) : see declaration of 'std::basic_ostream<_Elem,_Traits>::_Add_vtordisp2'
                 with
                 [
                     _Elem=char,
                     _Traits=std::char_traits<char>
                 ]
         ofxButton.cpp
         ofxGuiGroup.cpp
     1>c:\of_v0.8.0_vs_release\libs\openframeworks\types\ofColor.h(118): warning C4244: '=' : conversion from 'int' to 'float', possible loss of data
                 c:\of_v0.8.0_vs_release\libs\openframeworks\types\ofColor.h(114) : while compiling class template member function 'std::istream &operator >>(std::istream &,ofColor_<PixelType> &)'
                 with
                 [
                     PixelType=float
                 ]
                 C:\of_v0.8.0_vs_release\libs\openFrameworks\3d\ofMesh.h(227) : see reference to class template instantiation 'ofColor_<PixelType>' being compiled
                 with
                 [
                     PixelType=float
                 ]
     1>c:\of_v0.8.0_vs_release\libs\openframeworks\types\ofColor.h(121): warning C4244: '=' : conversion from 'int' to 'float', possible loss of data
     1>c:\of_v0.8.0_vs_release\libs\openframeworks\types\ofColor.h(124): warning C4244: '=' : conversion from 'int' to 'float', possible loss of data
     1>c:\of_v0.8.0_vs_release\libs\openframeworks\types\ofColor.h(127): warning C4244: '=' : conversion from 'int' to 'float', possible loss of data
         ofxLabel.cpp
         ofxPanel.cpp
         ofxSlider.cpp
         ofxSliderGroup.cpp
     1>c:\of_v0.8.0_vs_release\libs\openframeworks\types\ofColor.h(118): warning C4244: '=' : conversion from 'int' to 'float', possible loss of data
                 c:\of_v0.8.0_vs_release\libs\openframeworks\types\ofColor.h(114) : while compiling class template member function 'std::istream &operator >>(std::istream &,ofColor_<PixelType> &)'
                 with
                 [
                     PixelType=float
                 ]
                 C:\of_v0.8.0_vs_release\libs\openFrameworks\3d\ofMesh.h(227) : see reference to class template instantiation 'ofColor_<PixelType>' being compiled
                 with
                 [
                     PixelType=float
                 ]
     1>c:\of_v0.8.0_vs_release\libs\openframeworks\types\ofColor.h(121): warning C4244: '=' : conversion from 'int' to 'float', possible loss of data
     1>c:\of_v0.8.0_vs_release\libs\openframeworks\types\ofColor.h(124): warning C4244: '=' : conversion from 'int' to 'float', possible loss of data
     1>c:\of_v0.8.0_vs_release\libs\openframeworks\types\ofColor.h(127): warning C4244: '=' : conversion from 'int' to 'float', possible loss of data
     1>c:\of_v0.8.0_vs_release\libs\openframeworks\types\ofColor.h(182): warning C4244: '=' : conversion from 'float' to 'unsigned char', possible loss of data
                 c:\of_v0.8.0_vs_release\libs\openframeworks\types\ofColor.h(162) : see reference to function template instantiation 'void ofColor_<PixelType>::copyFrom<unsigned short>(const ofColor_<unsigned short> &)' being compiled
                 with
                 [
                     PixelType=unsigned char
                 ]
                 c:\of_v0.8.0_vs_release\libs\openframeworks\types\ofColor.h(162) : see reference to function template instantiation 'void ofColor_<PixelType>::copyFrom<unsigned short>(const ofColor_<unsigned short> &)' being compiled
                 with
                 [
                     PixelType=unsigned char
                 ]
                 ..\..\..\addons\ofxGui\src\ofxSliderGroup.cpp(112) : see reference to function template instantiation 'ofColor_<PixelType>::ofColor_<unsigned short>(const ofColor_<unsigned short> &)' being compiled
                 with
                 [
                     PixelType=unsigned char
                 ]
                 ..\..\..\addons\ofxGui\src\ofxSliderGroup.cpp(112) : see reference to function template instantiation 'ofColor_<PixelType>::ofColor_<unsigned short>(const ofColor_<unsigned short> &)' being compiled
                 with
                 [
                     PixelType=unsigned char
                 ]
                 ..\..\..\addons\ofxGui\src\ofxSliderGroup.cpp(95) : while compiling class template member function 'ofxColorSlider_<ColorType> *ofxColorSlider_<ColorType>::setup(ofParameter<ParameterType>,float,float)'
                 with
                 [
                     ColorType=unsigned short,
                     ParameterType=ofShortColor
                 ]
                 ..\..\..\addons\ofxGui\src\ofxSliderGroup.cpp(91) : see reference to function template instantiation 'ofxColorSlider_<ColorType> *ofxColorSlider_<ColorType>::setup(ofParameter<ParameterType>,float,float)' being compiled
                 with
                 [
                     ColorType=unsigned short,
                     ParameterType=ofShortColor
                 ]
                 ..\..\..\addons\ofxGui\src\ofxSliderGroup.cpp(170) : see reference to class template instantiation 'ofxColorSlider_<ColorType>' being compiled
                 with
                 [
                     ColorType=unsigned short
                 ]
     1>c:\of_v0.8.0_vs_release\libs\openframeworks\types\ofColor.h(187): warning C4244: '=' : conversion from 'const float' to 'unsigned char', possible loss of data
         ofxToggle.cpp
         ofxKinectExtras.cpp
         ofxKinect.cpp
     1>C:\of_v0.8.0_vs_release\libs\poco\include\Poco/StreamConverter.h(126): warning C4250: 'Poco::InputStreamConverter' : inherits 'std::basic_istream<_Elem,_Traits>::std::basic_istream<_Elem,_Traits>::_Add_vtordisp1' via dominance
                 with
                 [
                     _Elem=char,
                     _Traits=std::char_traits<char>
                 ]
                 C:\Program Files (x86)\Microsoft Visual Studio 11.0\VC\include\istream(74) : see declaration of 'std::basic_istream<_Elem,_Traits>::_Add_vtordisp1'
                 with
                 [
                     _Elem=char,
                     _Traits=std::char_traits<char>
                 ]
     1>C:\of_v0.8.0_vs_release\libs\poco\include\Poco/StreamConverter.h(144): warning C4250: 'Poco::OutputStreamConverter' : inherits 'std::basic_ostream<_Elem,_Traits>::std::basic_ostream<_Elem,_Traits>::_Add_vtordisp2' via dominance
                 with
                 [
                     _Elem=char,
                     _Traits=std::char_traits<char>
                 ]
                 C:\Program Files (x86)\Microsoft Visual Studio 11.0\VC\include\ostream(90) : see declaration of 'std::basic_ostream<_Elem,_Traits>::_Add_vtordisp2'
                 with
                 [
                     _Elem=char,
                     _Traits=std::char_traits<char>
                 ]
         failguard.cpp
         libusbemu.cpp
         audio.c
         cameras.c
     1>..\..\..\addons\ofxKinect\libs\libfreenect\src\cameras.c(830): warning C4305: '=' : truncation from 'double' to 'float'
         core.c
     1>..\..\..\addons\ofxKinect\libs\libfreenect\src\core.c(286): warning C4996: 'vsnprintf': This function or variable may be unsafe. Consider using vsnprintf_s instead. To disable deprecation, use _CRT_SECURE_NO_WARNINGS. See online help for details.
                 C:\Program Files (x86)\Microsoft Visual Studio 11.0\VC\include\stdio.h(340) : see declaration of 'vsnprintf'
         flags.c
         keep_alive.c
         loader.c
         Generating Code...
         Compiling...
         registration.c
     1>..\..\..\addons\ofxKinect\libs\libfreenect\src\registration.c(72): warning C4244: '=' : conversion from 'double' to 'int32_t', possible loss of data
     1>..\..\..\addons\ofxKinect\libs\libfreenect\src\registration.c(283): warning C4244: '=' : conversion from 'double' to 'int32_t', possible loss of data
     1>..\..\..\addons\ofxKinect\libs\libfreenect\src\registration.c(284): warning C4244: '=' : conversion from 'double' to 'int32_t', possible loss of data
     1>..\..\..\addons\ofxKinect\libs\libfreenect\src\registration.c(302): warning C4244: 'return' : conversion from 'double' to 'uint16_t', possible loss of data
         tilt.c
         usb_libusb10.c
     1>..\..\..\addons\ofxKinect\libs\libfreenect\src\usb_libusb10.c(113): warning C4996: 'strdup': The POSIX name for this item is deprecated. Instead, use the ISO C++ conformant name: _strdup. See online help for details.
                 C:\Program Files (x86)\Microsoft Visual Studio 11.0\VC\include\string.h(241) : see declaration of 'strdup'
         ofxCvColorImage.cpp
     1>C:\of_v0.8.0_vs_release\addons\ofxOpenCv\libs\opencv\include\opencv2/flann/flann.hpp(233): warning C4996: 'cv::flann::Index_<T>': was declared deprecated
                 C:\of_v0.8.0_vs_release\addons\ofxOpenCv\libs\opencv\include\opencv2/flann/flann.hpp(278) : see reference to class template instantiation 'cv::flann::Index_<T>' being compiled
     1>C:\of_v0.8.0_vs_release\libs\poco\include\Poco/StreamConverter.h(126): warning C4250: 'Poco::InputStreamConverter' : inherits 'std::basic_istream<_Elem,_Traits>::std::basic_istream<_Elem,_Traits>::_Add_vtordisp1' via dominance
                 with
                 [
                     _Elem=char,
                     _Traits=std::char_traits<char>
                 ]
                 C:\Program Files (x86)\Microsoft Visual Studio 11.0\VC\include\istream(74) : see declaration of 'std::basic_istream<_Elem,_Traits>::_Add_vtordisp1'
                 with
                 [
                     _Elem=char,
                     _Traits=std::char_traits<char>
                 ]
     1>C:\of_v0.8.0_vs_release\libs\poco\include\Poco/StreamConverter.h(144): warning C4250: 'Poco::OutputStreamConverter' : inherits 'std::basic_ostream<_Elem,_Traits>::std::basic_ostream<_Elem,_Traits>::_Add_vtordisp2' via dominance
                 with
                 [
                     _Elem=char,
                     _Traits=std::char_traits<char>
                 ]
                 C:\Program Files (x86)\Microsoft Visual Studio 11.0\VC\include\ostream(90) : see declaration of 'std::basic_ostream<_Elem,_Traits>::_Add_vtordisp2'
                 with
                 [
                     _Elem=char,
                     _Traits=std::char_traits<char>
                 ]
         ofxCvContourFinder.cpp
     1>C:\of_v0.8.0_vs_release\addons\ofxOpenCv\libs\opencv\include\opencv2/flann/flann.hpp(233): warning C4996: 'cv::flann::Index_<T>': was declared deprecated
                 C:\of_v0.8.0_vs_release\addons\ofxOpenCv\libs\opencv\include\opencv2/flann/flann.hpp(278) : see reference to class template instantiation 'cv::flann::Index_<T>' being compiled
     1>C:\of_v0.8.0_vs_release\libs\poco\include\Poco/StreamConverter.h(126): warning C4250: 'Poco::InputStreamConverter' : inherits 'std::basic_istream<_Elem,_Traits>::std::basic_istream<_Elem,_Traits>::_Add_vtordisp1' via dominance
                 with
                 [
                     _Elem=char,
                     _Traits=std::char_traits<char>
                 ]
                 C:\Program Files (x86)\Microsoft Visual Studio 11.0\VC\include\istream(74) : see declaration of 'std::basic_istream<_Elem,_Traits>::_Add_vtordisp1'
                 with
                 [
                     _Elem=char,
                     _Traits=std::char_traits<char>
                 ]
     1>C:\of_v0.8.0_vs_release\libs\poco\include\Poco/StreamConverter.h(144): warning C4250: 'Poco::OutputStreamConverter' : inherits 'std::basic_ostream<_Elem,_Traits>::std::basic_ostream<_Elem,_Traits>::_Add_vtordisp2' via dominance
                 with
                 [
                     _Elem=char,
                     _Traits=std::char_traits<char>
                 ]
                 C:\Program Files (x86)\Microsoft Visual Studio 11.0\VC\include\ostream(90) : see declaration of 'std::basic_ostream<_Elem,_Traits>::_Add_vtordisp2'
                 with
                 [
                     _Elem=char,
                     _Traits=std::char_traits<char>
                 ]
         ofxCvFloatImage.cpp
     1>C:\of_v0.8.0_vs_release\addons\ofxOpenCv\libs\opencv\include\opencv2/flann/flann.hpp(233): warning C4996: 'cv::flann::Index_<T>': was declared deprecated
                 C:\of_v0.8.0_vs_release\addons\ofxOpenCv\libs\opencv\include\opencv2/flann/flann.hpp(278) : see reference to class template instantiation 'cv::flann::Index_<T>' being compiled
     1>C:\of_v0.8.0_vs_release\libs\poco\include\Poco/StreamConverter.h(126): warning C4250: 'Poco::InputStreamConverter' : inherits 'std::basic_istream<_Elem,_Traits>::std::basic_istream<_Elem,_Traits>::_Add_vtordisp1' via dominance
                 with
                 [
                     _Elem=char,
                     _Traits=std::char_traits<char>
                 ]
                 C:\Program Files (x86)\Microsoft Visual Studio 11.0\VC\include\istream(74) : see declaration of 'std::basic_istream<_Elem,_Traits>::_Add_vtordisp1'
                 with
                 [
                     _Elem=char,
                     _Traits=std::char_traits<char>
                 ]
     1>C:\of_v0.8.0_vs_release\libs\poco\include\Poco/StreamConverter.h(144): warning C4250: 'Poco::OutputStreamConverter' : inherits 'std::basic_ostream<_Elem,_Traits>::std::basic_ostream<_Elem,_Traits>::_Add_vtordisp2' via dominance
                 with
                 [
                     _Elem=char,
                     _Traits=std::char_traits<char>
                 ]
                 C:\Program Files (x86)\Microsoft Visual Studio 11.0\VC\include\ostream(90) : see declaration of 'std::basic_ostream<_Elem,_Traits>::_Add_vtordisp2'
                 with
                 [
                     _Elem=char,
                     _Traits=std::char_traits<char>
                 ]
         ofxCvGrayscaleImage.cpp
     1>C:\of_v0.8.0_vs_release\addons\ofxOpenCv\libs\opencv\include\opencv2/flann/flann.hpp(233): warning C4996: 'cv::flann::Index_<T>': was declared deprecated
                 C:\of_v0.8.0_vs_release\addons\ofxOpenCv\libs\opencv\include\opencv2/flann/flann.hpp(278) : see reference to class template instantiation 'cv::flann::Index_<T>' being compiled
     1>C:\of_v0.8.0_vs_release\libs\poco\include\Poco/StreamConverter.h(126): warning C4250: 'Poco::InputStreamConverter' : inherits 'std::basic_istream<_Elem,_Traits>::std::basic_istream<_Elem,_Traits>::_Add_vtordisp1' via dominance
                 with
                 [
                     _Elem=char,
                     _Traits=std::char_traits<char>
                 ]
                 C:\Program Files (x86)\Microsoft Visual Studio 11.0\VC\include\istream(74) : see declaration of 'std::basic_istream<_Elem,_Traits>::_Add_vtordisp1'
                 with
                 [
                     _Elem=char,
                     _Traits=std::char_traits<char>
                 ]
     1>C:\of_v0.8.0_vs_release\libs\poco\include\Poco/StreamConverter.h(144): warning C4250: 'Poco::OutputStreamConverter' : inherits 'std::basic_ostream<_Elem,_Traits>::std::basic_ostream<_Elem,_Traits>::_Add_vtordisp2' via dominance
                 with
                 [
                     _Elem=char,
                     _Traits=std::char_traits<char>
                 ]
                 C:\Program Files (x86)\Microsoft Visual Studio 11.0\VC\include\ostream(90) : see declaration of 'std::basic_ostream<_Elem,_Traits>::_Add_vtordisp2'
                 with
                 [
                     _Elem=char,
                     _Traits=std::char_traits<char>
                 ]
         ofxCvHaarFinder.cpp
     1>C:\of_v0.8.0_vs_release\libs\poco\include\Poco/StreamConverter.h(126): warning C4250: 'Poco::InputStreamConverter' : inherits 'std::basic_istream<_Elem,_Traits>::std::basic_istream<_Elem,_Traits>::_Add_vtordisp1' via dominance
                 with
                 [
                     _Elem=char,
                     _Traits=std::char_traits<char>
                 ]
                 C:\Program Files (x86)\Microsoft Visual Studio 11.0\VC\include\istream(74) : see declaration of 'std::basic_istream<_Elem,_Traits>::_Add_vtordisp1'
                 with
                 [
                     _Elem=char,
                     _Traits=std::char_traits<char>
                 ]
     1>C:\of_v0.8.0_vs_release\libs\poco\include\Poco/StreamConverter.h(144): warning C4250: 'Poco::OutputStreamConverter' : inherits 'std::basic_ostream<_Elem,_Traits>::std::basic_ostream<_Elem,_Traits>::_Add_vtordisp2' via dominance
                 with
                 [
                     _Elem=char,
                     _Traits=std::char_traits<char>
                 ]
                 C:\Program Files (x86)\Microsoft Visual Studio 11.0\VC\include\ostream(90) : see declaration of 'std::basic_ostream<_Elem,_Traits>::_Add_vtordisp2'
                 with
                 [
                     _Elem=char,
                     _Traits=std::char_traits<char>
                 ]
         ofxCvImage.cpp
     1>C:\of_v0.8.0_vs_release\addons\ofxOpenCv\libs\opencv\include\opencv2/flann/flann.hpp(233): warning C4996: 'cv::flann::Index_<T>': was declared deprecated
                 C:\of_v0.8.0_vs_release\addons\ofxOpenCv\libs\opencv\include\opencv2/flann/flann.hpp(278) : see reference to class template instantiation 'cv::flann::Index_<T>' being compiled
     1>C:\of_v0.8.0_vs_release\libs\poco\include\Poco/StreamConverter.h(126): warning C4250: 'Poco::InputStreamConverter' : inherits 'std::basic_istream<_Elem,_Traits>::std::basic_istream<_Elem,_Traits>::_Add_vtordisp1' via dominance
                 with
                 [
                     _Elem=char,
                     _Traits=std::char_traits<char>
                 ]
                 C:\Program Files (x86)\Microsoft Visual Studio 11.0\VC\include\istream(74) : see declaration of 'std::basic_istream<_Elem,_Traits>::_Add_vtordisp1'
                 with
                 [
                     _Elem=char,
                     _Traits=std::char_traits<char>
                 ]
     1>C:\of_v0.8.0_vs_release\libs\poco\include\Poco/StreamConverter.h(144): warning C4250: 'Poco::OutputStreamConverter' : inherits 'std::basic_ostream<_Elem,_Traits>::std::basic_ostream<_Elem,_Traits>::_Add_vtordisp2' via dominance
                 with
                 [
                     _Elem=char,
                     _Traits=std::char_traits<char>
                 ]
                 C:\Program Files (x86)\Microsoft Visual Studio 11.0\VC\include\ostream(90) : see declaration of 'std::basic_ostream<_Elem,_Traits>::_Add_vtordisp2'
                 with
                 [
                     _Elem=char,
                     _Traits=std::char_traits<char>
                 ]
         ofxCvShortImage.cpp
     1>C:\of_v0.8.0_vs_release\addons\ofxOpenCv\libs\opencv\include\opencv2/flann/flann.hpp(233): warning C4996: 'cv::flann::Index_<T>': was declared deprecated
                 C:\of_v0.8.0_vs_release\addons\ofxOpenCv\libs\opencv\include\opencv2/flann/flann.hpp(278) : see reference to class template instantiation 'cv::flann::Index_<T>' being compiled
     1>C:\of_v0.8.0_vs_release\libs\poco\include\Poco/StreamConverter.h(126): warning C4250: 'Poco::InputStreamConverter' : inherits 'std::basic_istream<_Elem,_Traits>::std::basic_istream<_Elem,_Traits>::_Add_vtordisp1' via dominance
                 with
                 [
                     _Elem=char,
                     _Traits=std::char_traits<char>
                 ]
                 C:\Program Files (x86)\Microsoft Visual Studio 11.0\VC\include\istream(74) : see declaration of 'std::basic_istream<_Elem,_Traits>::_Add_vtordisp1'
                 with
                 [
                     _Elem=char,
                     _Traits=std::char_traits<char>
                 ]
     1>C:\of_v0.8.0_vs_release\libs\poco\include\Poco/StreamConverter.h(144): warning C4250: 'Poco::OutputStreamConverter' : inherits 'std::basic_ostream<_Elem,_Traits>::std::basic_ostream<_Elem,_Traits>::_Add_vtordisp2' via dominance
                 with
                 [
                     _Elem=char,
                     _Traits=std::char_traits<char>
                 ]
                 C:\Program Files (x86)\Microsoft Visual Studio 11.0\VC\include\ostream(90) : see declaration of 'std::basic_ostream<_Elem,_Traits>::_Add_vtordisp2'
                 with
                 [
                     _Elem=char,
                     _Traits=std::char_traits<char>
                 ]
         ofxKinectCommonBridge.cpp
     1>C:\of_v0.8.0_vs_release\libs\poco\include\Poco/StreamConverter.h(126): warning C4250: 'Poco::InputStreamConverter' : inherits 'std::basic_istream<_Elem,_Traits>::std::basic_istream<_Elem,_Traits>::_Add_vtordisp1' via dominance
                 with
                 [
                     _Elem=char,
                     _Traits=std::char_traits<char>
                 ]
                 C:\Program Files (x86)\Microsoft Visual Studio 11.0\VC\include\istream(74) : see declaration of 'std::basic_istream<_Elem,_Traits>::_Add_vtordisp1'
                 with
                 [
                     _Elem=char,
                     _Traits=std::char_traits<char>
                 ]
     1>C:\of_v0.8.0_vs_release\libs\poco\include\Poco/StreamConverter.h(144): warning C4250: 'Poco::OutputStreamConverter' : inherits 'std::basic_ostream<_Elem,_Traits>::std::basic_ostream<_Elem,_Traits>::_Add_vtordisp2' via dominance
                 with
                 [
                     _Elem=char,
                     _Traits=std::char_traits<char>
                 ]
                 C:\Program Files (x86)\Microsoft Visual Studio 11.0\VC\include\ostream(90) : see declaration of 'std::basic_ostream<_Elem,_Traits>::_Add_vtordisp2'
                 with
                 [
                     _Elem=char,
                     _Traits=std::char_traits<char>
                 ]
         Generating Code...
       ResourceCompile:
         C:\Program Files (x86)\Windows Kits\8.0\bin\x86\rc.exe /D _UNICODE /D UNICODE /l"0x0409" /nologo /fo"obj\Release\icon.res" icon.rc 
       Link:
         C:\Program Files (x86)\Microsoft Visual Studio 11.0\VC\bin\link.exe /ERRORREPORT:PROMPT /OUT:"bin\kinectExample.exe" /INCREMENTAL:NO /NOLOGO /LIBPATH:"C:\Program Files\Microsoft SDKs\Kinect\v1.8\\lib\x86" /LIBPATH:..\..\..\addons\ofxKinectCommonBridge\libs\KinectCommonBridge\lib\windows /LIBPATH:..\..\..\libs\glut\lib\vs /LIBPATH:..\..\..\libs\glfw\lib\vs /LIBPATH:..\..\..\libs\rtAudio\lib\vs /LIBPATH:..\..\..\libs\FreeImage\lib\vs /LIBPATH:..\..\..\libs\freetype\lib\vs /LIBPATH:..\..\..\libs\quicktime\lib\vs /LIBPATH:..\..\..\libs\fmodex\lib\vs /LIBPATH:..\..\..\libs\videoInput\lib\vs /LIBPATH:..\..\..\libs\cairo\lib\vs /LIBPATH:..\..\..\libs\glew\lib\vs /LIBPATH:..\..\..\libs\glu\lib\vs /LIBPATH:..\..\..\libs\openssl\lib\vs /LIBPATH:..\..\..\libs\Poco\lib\vs /LIBPATH:..\..\..\libs\tess2\lib\vs /LIBPATH:"..\..\..\addons\ofxKinect\libs\libusb-win32\lib\vs" /LIBPATH:..\..\..\addons\ofxOpenCv\libs\opencv\lib\vs KinectCommonBridge.lib Kinect10.lib "cairo-static.lib" "pixman-1.lib" msimg32.lib OpenGL32.lib GLu32.lib kernel32.lib setupapi.lib Vfw32.lib comctl32.lib glut32.lib rtAudio.lib videoInput.lib libfreetype.lib FreeImage.lib qtmlClient.lib dsound.lib user32.lib gdi32.lib winspool.lib comdlg32.lib advapi32.lib shell32.lib ole32.lib oleaut32.lib uuid.lib glew32s.lib fmodex_vc.lib glu32.lib crypt32.lib libeay32MD.lib ssleay32MD.lib PocoFoundationmd.lib PocoNetmd.lib PocoUtilmd.lib PocoXMLmd.lib Ws2_32.lib tess2.lib glfw3.lib kernel32.lib user32.lib gdi32.lib winspool.lib comdlg32.lib advapi32.lib shell32.lib ole32.lib oleaut32.lib uuid.lib odbc32.lib odbccp32.lib pthreadVC2.lib kernel32.lib user32.lib gdi32.lib winspool.lib comdlg32.lib advapi32.lib shell32.lib ole32.lib oleaut32.lib uuid.lib odbc32.lib odbccp32.lib libusb.lib opencv_calib3d231.lib opencv_contrib231.lib opencv_core231.lib opencv_features2d231.lib opencv_flann231.lib opencv_gpu231.lib opencv_haartraining_engine.lib opencv_highgui231.lib opencv_imgproc231.lib opencv_legacy231.lib opencv_ml231.lib opencv_objdetect231.lib opencv_video231.lib zlib.lib /NODEFAULTLIB:PocoFoundationd.lib /NODEFAULTLIB:atlthunk.lib /NODEFAULTLIB:LIBC.lib /NODEFAULTLIB:LIBCMT /MANIFEST /MANIFESTUAC:"level='asInvoker' uiAccess='false'" /manifest:embed /PDB:"bin\kinectExample.pdb" /SUBSYSTEM:CONSOLE /OPT:REF /OPT:ICF /LTCG /TLBID:1 /DYNAMICBASE:NO /NXCOMPAT /IMPLIB:"bin\kinectExample.lib" /MACHINE:X86 /SAFESEH obj\Release\icon.res
         obj\Release\main.obj
         obj\Release\testApp.obj
         obj\Release\ofxBaseGui.obj
         obj\Release\ofxButton.obj
         obj\Release\ofxGuiGroup.obj
         obj\Release\ofxLabel.obj
         obj\Release\ofxPanel.obj
         obj\Release\ofxSlider.obj
         obj\Release\ofxSliderGroup.obj
         obj\Release\ofxToggle.obj
         obj\Release\ofxKinectExtras.obj
         obj\Release\ofxKinect.obj
         obj\Release\failguard.obj
         obj\Release\libusbemu.obj
         obj\Release\audio.obj
         obj\Release\cameras.obj
         obj\Release\core.obj
         obj\Release\flags.obj
         obj\Release\keep_alive.obj
         obj\Release\loader.obj
         obj\Release\registration.obj
         obj\Release\tilt.obj
         obj\Release\usb_libusb10.obj
         obj\Release\ofxCvColorImage.obj
         obj\Release\ofxCvContourFinder.obj
         obj\Release\ofxCvFloatImage.obj
         obj\Release\ofxCvGrayscaleImage.obj
         obj\Release\ofxCvHaarFinder.obj
         obj\Release\ofxCvImage.obj
         obj\Release\ofxCvShortImage.obj
         obj\Release\ofxKinectCommonBridge.obj
         C:\of_v0.8.0_vs_release\libs\openFrameworksCompiled\lib\vs\openframeworksLib.lib
            Creating library bin\kinectExample.lib and object bin\kinectExample.exp
         LINK : /LTCG specified but no code generation required; remove /LTCG from the link command line to improve linker performance
         kinectExample.vcxproj -> C:\of_v0.8.0_vs_release\apps\myApps\kinectExample\bin\kinectExample.exe
       PostBuildEvent:
         xcopy /e /i /y "C:\of_v0.8.0_vs_release\apps\myApps\kinectExample\..\..\..\export\vs\*.dll" "C:\of_v0.8.0_vs_release\apps\myApps\kinectExample\bin"
         xcopy /e /i /y "..\..\..\addons\ofxKinectCommonBridge\libs\KinectCommonBridge\lib\windows\*.dll" "C:\of_v0.8.0_vs_release\apps\myApps\kinectExample\bin"
         xcopy /e /i /y "C:\of_v0.8.0_vs_release\apps\myApps\kinectExample\..\..\..\export\vs\*.dll" "C:\of_v0.8.0_vs_release\apps\myApps\kinectExample\bin"
         :VCEnd
         C:\of_v0.8.0_vs_release\apps\myApps\kinectExample\..\..\..\export\vs\Assimp32.dll
         C:\of_v0.8.0_vs_release\apps\myApps\kinectExample\..\..\..\export\vs\fmodex.dll
         C:\of_v0.8.0_vs_release\apps\myApps\kinectExample\..\..\..\export\vs\fmodexL.dll
         C:\of_v0.8.0_vs_release\apps\myApps\kinectExample\..\..\..\export\vs\FreeImage.dll
         C:\of_v0.8.0_vs_release\apps\myApps\kinectExample\..\..\..\export\vs\FreeType-6.dll
         C:\of_v0.8.0_vs_release\apps\myApps\kinectExample\..\..\..\export\vs\glut32.dll
         C:\of_v0.8.0_vs_release\apps\myApps\kinectExample\..\..\..\export\vs\libeay32.dll
         C:\of_v0.8.0_vs_release\apps\myApps\kinectExample\..\..\..\export\vs\ssleay32.dll
         C:\of_v0.8.0_vs_release\apps\myApps\kinectExample\..\..\..\export\vs\Zlib.dll
         9 File(s) copied
         ..\..\..\addons\ofxKinectCommonBridge\libs\KinectCommonBridge\lib\windows\KinectCommonBridge.dll
         1 File(s) copied
         C:\of_v0.8.0_vs_release\apps\myApps\kinectExample\..\..\..\export\vs\Assimp32.dll
         C:\of_v0.8.0_vs_release\apps\myApps\kinectExample\..\..\..\export\vs\fmodex.dll
         C:\of_v0.8.0_vs_release\apps\myApps\kinectExample\..\..\..\export\vs\fmodexL.dll
         C:\of_v0.8.0_vs_release\apps\myApps\kinectExample\..\..\..\export\vs\FreeImage.dll
         C:\of_v0.8.0_vs_release\apps\myApps\kinectExample\..\..\..\export\vs\FreeType-6.dll
         C:\of_v0.8.0_vs_release\apps\myApps\kinectExample\..\..\..\export\vs\glut32.dll
         C:\of_v0.8.0_vs_release\apps\myApps\kinectExample\..\..\..\export\vs\libeay32.dll
         C:\of_v0.8.0_vs_release\apps\myApps\kinectExample\..\..\..\export\vs\ssleay32.dll
         C:\of_v0.8.0_vs_release\apps\myApps\kinectExample\..\..\..\export\vs\Zlib.dll
         9 File(s) copied
     1>Done Building Project "C:\of_v0.8.0_vs_release\apps\myApps\kinectExample\kinectExample.vcxproj" (Rebuild target(s)).

Build succeeded.

Time Elapsed 00:05:56.32
