C:\OF_V0.8.0_VS_RELEASE\APPS\MYAPPS\KINECTEXAMPLE\OBJ\DEBUG\OFXKINECT.OBJ
C:\OF_V0.8.0_VS_RELEASE\APPS\MYAPPS\KINECTEXAMPLE\OBJ\DEBUG\FAILGUARD.OBJ
C:\OF_V0.8.0_VS_RELEASE\APPS\MYAPPS\KINECTEXAMPLE\OBJ\DEBUG\LIBUSBEMU.OBJ
C:\OF_V0.8.0_VS_RELEASE\APPS\MYAPPS\KINECTEXAMPLE\OBJ\DEBUG\AUDIO.OBJ
C:\OF_V0.8.0_VS_RELEASE\APPS\MYAPPS\KINECTEXAMPLE\OBJ\DEBUG\CAMERAS.OBJ
C:\OF_V0.8.0_VS_RELEASE\APPS\MYAPPS\KINECTEXAMPLE\OBJ\DEBUG\CORE.OBJ
C:\OF_V0.8.0_VS_RELEASE\APPS\MYAPPS\KINECTEXAMPLE\OBJ\DEBUG\FLAGS.OBJ
C:\OF_V0.8.0_VS_RELEASE\APPS\MYAPPS\KINECTEXAMPLE\OBJ\DEBUG\KEEP_ALIVE.OBJ
C:\OF_V0.8.0_VS_RELEASE\APPS\MYAPPS\KINECTEXAMPLE\OBJ\DEBUG\LOADER.OBJ
C:\OF_V0.8.0_VS_RELEASE\APPS\MYAPPS\KINECTEXAMPLE\OBJ\DEBUG\REGISTRATION.OBJ
C:\OF_V0.8.0_VS_RELEASE\APPS\MYAPPS\KINECTEXAMPLE\OBJ\DEBUG\TILT.OBJ
C:\OF_V0.8.0_VS_RELEASE\APPS\MYAPPS\KINECTEXAMPLE\OBJ\DEBUG\USB_LIBUSB10.OBJ
C:\OF_V0.8.0_VS_RELEASE\APPS\MYAPPS\KINECTEXAMPLE\OBJ\DEBUG\OFXCVCOLORIMAGE.OBJ
C:\OF_V0.8.0_VS_RELEASE\APPS\MYAPPS\KINECTEXAMPLE\OBJ\DEBUG\OFXCVCONTOURFINDER.OBJ
C:\OF_V0.8.0_VS_RELEASE\APPS\MYAPPS\KINECTEXAMPLE\OBJ\DEBUG\OFXCVFLOATIMAGE.OBJ
C:\OF_V0.8.0_VS_RELEASE\APPS\MYAPPS\KINECTEXAMPLE\OBJ\DEBUG\OFXCVGRAYSCALEIMAGE.OBJ
C:\OF_V0.8.0_VS_RELEASE\APPS\MYAPPS\KINECTEXAMPLE\OBJ\DEBUG\OFXCVHAARFINDER.OBJ
C:\OF_V0.8.0_VS_RELEASE\APPS\MYAPPS\KINECTEXAMPLE\OBJ\DEBUG\OFXCVIMAGE.OBJ
C:\OF_V0.8.0_VS_RELEASE\APPS\MYAPPS\KINECTEXAMPLE\OBJ\DEBUG\OFXCVSHORTIMAGE.OBJ
C:\OF_V0.8.0_VS_RELEASE\APPS\MYAPPS\KINECTEXAMPLE\OBJ\DEBUG\OFXKINECTCOMMONBRIDGE.OBJ
C:\OF_V0.8.0_VS_RELEASE\APPS\MYAPPS\KINECTEXAMPLE\OBJ\DEBUG\MAIN.OBJ
C:\OF_V0.8.0_VS_RELEASE\APPS\MYAPPS\KINECTEXAMPLE\OBJ\DEBUG\TESTAPP.OBJ
C:\OF_V0.8.0_VS_RELEASE\APPS\MYAPPS\KINECTEXAMPLE\OBJ\DEBUG\OFXBASEGUI.OBJ
C:\OF_V0.8.0_VS_RELEASE\APPS\MYAPPS\KINECTEXAMPLE\OBJ\DEBUG\OFXBUTTON.OBJ
C:\OF_V0.8.0_VS_RELEASE\APPS\MYAPPS\KINECTEXAMPLE\OBJ\DEBUG\OFXGUIGROUP.OBJ
C:\OF_V0.8.0_VS_RELEASE\APPS\MYAPPS\KINECTEXAMPLE\OBJ\DEBUG\OFXLABEL.OBJ
C:\OF_V0.8.0_VS_RELEASE\APPS\MYAPPS\KINECTEXAMPLE\OBJ\DEBUG\OFXPANEL.OBJ
C:\OF_V0.8.0_VS_RELEASE\APPS\MYAPPS\KINECTEXAMPLE\OBJ\DEBUG\OFXSLIDER.OBJ
C:\OF_V0.8.0_VS_RELEASE\APPS\MYAPPS\KINECTEXAMPLE\OBJ\DEBUG\OFXSLIDERGROUP.OBJ
C:\OF_V0.8.0_VS_RELEASE\APPS\MYAPPS\KINECTEXAMPLE\OBJ\DEBUG\OFXTOGGLE.OBJ
C:\OF_V0.8.0_VS_RELEASE\APPS\MYAPPS\KINECTEXAMPLE\OBJ\DEBUG\OFXKINECTEXTRAS.OBJ
C:\OF_V0.8.0_VS_RELEASE\APPS\MYAPPS\KINECTEXAMPLE\OBJ\DEBUG\VC110.PDB
C:\of_v0.8.0_vs_release\apps\myApps\kinectExample\bin\kinectExample_debug.lib
C:\of_v0.8.0_vs_release\apps\myApps\kinectExample\bin\kinectExample_debug.exp
C:\OF_V0.8.0_VS_RELEASE\APPS\MYAPPS\KINECTEXAMPLE\BIN\KINECTEXAMPLE_DEBUG.ILK
C:\OF_V0.8.0_VS_RELEASE\APPS\MYAPPS\KINECTEXAMPLE\BIN\KINECTEXAMPLE_DEBUG.EXE
C:\OF_V0.8.0_VS_RELEASE\APPS\MYAPPS\KINECTEXAMPLE\BIN\KINECTEXAMPLE_DEBUG.PDB
C:\OF_V0.8.0_VS_RELEASE\APPS\MYAPPS\KINECTEXAMPLE\OBJ\DEBUG\ICON.RES
C:\of_v0.8.0_vs_release\apps\myApps\kinectExample\obj\Debug\audio.obj
C:\of_v0.8.0_vs_release\apps\myApps\kinectExample\obj\Debug\cameras.obj
C:\of_v0.8.0_vs_release\apps\myApps\kinectExample\obj\Debug\core.obj
C:\of_v0.8.0_vs_release\apps\myApps\kinectExample\obj\Debug\failguard.obj
C:\of_v0.8.0_vs_release\apps\myApps\kinectExample\obj\Debug\flags.obj
C:\of_v0.8.0_vs_release\apps\myApps\kinectExample\obj\Debug\keep_alive.obj
C:\of_v0.8.0_vs_release\apps\myApps\kinectExample\obj\Debug\libusbemu.obj
C:\of_v0.8.0_vs_release\apps\myApps\kinectExample\obj\Debug\loader.obj
C:\of_v0.8.0_vs_release\apps\myApps\kinectExample\obj\Debug\main.obj
C:\of_v0.8.0_vs_release\apps\myApps\kinectExample\obj\Debug\ofxBaseGui.obj
C:\of_v0.8.0_vs_release\apps\myApps\kinectExample\obj\Debug\ofxButton.obj
C:\of_v0.8.0_vs_release\apps\myApps\kinectExample\obj\Debug\ofxCvColorImage.obj
C:\of_v0.8.0_vs_release\apps\myApps\kinectExample\obj\Debug\ofxCvContourFinder.obj
C:\of_v0.8.0_vs_release\apps\myApps\kinectExample\obj\Debug\ofxCvFloatImage.obj
C:\of_v0.8.0_vs_release\apps\myApps\kinectExample\obj\Debug\ofxCvGrayscaleImage.obj
C:\of_v0.8.0_vs_release\apps\myApps\kinectExample\obj\Debug\ofxCvHaarFinder.obj
C:\of_v0.8.0_vs_release\apps\myApps\kinectExample\obj\Debug\ofxCvImage.obj
C:\of_v0.8.0_vs_release\apps\myApps\kinectExample\obj\Debug\ofxCvShortImage.obj
C:\of_v0.8.0_vs_release\apps\myApps\kinectExample\obj\Debug\ofxGuiGroup.obj
C:\of_v0.8.0_vs_release\apps\myApps\kinectExample\obj\Debug\ofxKinect.obj
C:\of_v0.8.0_vs_release\apps\myApps\kinectExample\obj\Debug\ofxKinectCommonBridge.obj
C:\of_v0.8.0_vs_release\apps\myApps\kinectExample\obj\Debug\ofxKinectExtras.obj
C:\of_v0.8.0_vs_release\apps\myApps\kinectExample\obj\Debug\ofxLabel.obj
C:\of_v0.8.0_vs_release\apps\myApps\kinectExample\obj\Debug\ofxPanel.obj
C:\of_v0.8.0_vs_release\apps\myApps\kinectExample\obj\Debug\ofxSlider.obj
C:\of_v0.8.0_vs_release\apps\myApps\kinectExample\obj\Debug\ofxSliderGroup.obj
C:\of_v0.8.0_vs_release\apps\myApps\kinectExample\obj\Debug\ofxToggle.obj
C:\of_v0.8.0_vs_release\apps\myApps\kinectExample\obj\Debug\registration.obj
C:\of_v0.8.0_vs_release\apps\myApps\kinectExample\obj\Debug\testApp.obj
C:\of_v0.8.0_vs_release\apps\myApps\kinectExample\obj\Debug\tilt.obj
C:\of_v0.8.0_vs_release\apps\myApps\kinectExample\obj\Debug\usb_libusb10.obj
C:\of_v0.8.0_vs_release\apps\myApps\kinectExample\obj\Debug\cl.command.1.tlog
C:\of_v0.8.0_vs_release\apps\myApps\kinectExample\obj\Debug\CL.read.1.tlog
C:\of_v0.8.0_vs_release\apps\myApps\kinectExample\obj\Debug\CL.write.1.tlog
C:\of_v0.8.0_vs_release\apps\myApps\kinectExample\obj\Debug\kinectExample.write.1.tlog
C:\of_v0.8.0_vs_release\apps\myApps\kinectExample\obj\Debug\link-cvtres.read.1.tlog
C:\of_v0.8.0_vs_release\apps\myApps\kinectExample\obj\Debug\link-cvtres.write.1.tlog
C:\of_v0.8.0_vs_release\apps\myApps\kinectExample\obj\Debug\link-rc.read.1.tlog
C:\of_v0.8.0_vs_release\apps\myApps\kinectExample\obj\Debug\link-rc.write.1.tlog
C:\of_v0.8.0_vs_release\apps\myApps\kinectExample\obj\Debug\link.command.1.tlog
C:\of_v0.8.0_vs_release\apps\myApps\kinectExample\obj\Debug\link.read.1.tlog
C:\of_v0.8.0_vs_release\apps\myApps\kinectExample\obj\Debug\link.write.1.tlog
C:\of_v0.8.0_vs_release\apps\myApps\kinectExample\obj\Debug\rc.command.1.tlog
C:\of_v0.8.0_vs_release\apps\myApps\kinectExample\obj\Debug\rc.read.1.tlog
C:\of_v0.8.0_vs_release\apps\myApps\kinectExample\obj\Debug\rc.write.1.tlog
C:\of_v0.8.0_vs_release\apps\myApps\kinectExample\obj\Debug\icon.res
C:\of_v0.8.0_vs_release\apps\myApps\kinectExample\obj\Debug\vc110.idb
C:\of_v0.8.0_vs_release\apps\myApps\kinectExample\obj\Debug\vc110.pdb
C:\of_v0.8.0_vs_release\apps\myApps\kinectExample\bin\kinectExample_debug.exe
