C:\OF_V0.8.4_VS_RELEASE\APPS\MYAPPS\KINECTBLENDER2\OBJ\DEBUG\MAIN.OBJ
C:\OF_V0.8.4_VS_RELEASE\APPS\MYAPPS\KINECTBLENDER2\OBJ\DEBUG\OFAPP.OBJ
C:\OF_V0.8.4_VS_RELEASE\APPS\MYAPPS\KINECTBLENDER2\OBJ\DEBUG\OFXXMLSETTINGS.OBJ
C:\OF_V0.8.4_VS_RELEASE\APPS\MYAPPS\KINECTBLENDER2\OBJ\DEBUG\TINYXML.OBJ
C:\OF_V0.8.4_VS_RELEASE\APPS\MYAPPS\KINECTBLENDER2\OBJ\DEBUG\TINYXMLERROR.OBJ
C:\OF_V0.8.4_VS_RELEASE\APPS\MYAPPS\KINECTBLENDER2\OBJ\DEBUG\TINYXMLPARSER.OBJ
C:\OF_V0.8.4_VS_RELEASE\APPS\MYAPPS\KINECTBLENDER2\OBJ\DEBUG\OFXKINECTCOMMONBRIDGE.OBJ
C:\OF_V0.8.4_VS_RELEASE\APPS\MYAPPS\KINECTBLENDER2\OBJ\DEBUG\VC110.PDB
C:\of_v0.8.4_vs_release\apps\myApps\kinectBlender2\bin\kinectBlender2_debug.lib
C:\of_v0.8.4_vs_release\apps\myApps\kinectBlender2\bin\kinectBlender2_debug.exp
C:\OF_V0.8.4_VS_RELEASE\APPS\MYAPPS\KINECTBLENDER2\BIN\KINECTBLENDER2_DEBUG.ILK
C:\OF_V0.8.4_VS_RELEASE\APPS\MYAPPS\KINECTBLENDER2\BIN\KINECTBLENDER2_DEBUG.EXE
C:\OF_V0.8.4_VS_RELEASE\APPS\MYAPPS\KINECTBLENDER2\BIN\KINECTBLENDER2_DEBUG.PDB
C:\OF_V0.8.4_VS_RELEASE\APPS\MYAPPS\KINECTBLENDER2\OBJ\DEBUG\ICON.RES
C:\of_v0.8.4_vs_release\apps\myApps\kinectBlender2\obj\Debug\main.obj
C:\of_v0.8.4_vs_release\apps\myApps\kinectBlender2\obj\Debug\ofApp.obj
C:\of_v0.8.4_vs_release\apps\myApps\kinectBlender2\obj\Debug\ofxKinectCommonBridge.obj
C:\of_v0.8.4_vs_release\apps\myApps\kinectBlender2\obj\Debug\ofxXmlSettings.obj
C:\of_v0.8.4_vs_release\apps\myApps\kinectBlender2\obj\Debug\tinyxml.obj
C:\of_v0.8.4_vs_release\apps\myApps\kinectBlender2\obj\Debug\tinyxmlerror.obj
C:\of_v0.8.4_vs_release\apps\myApps\kinectBlender2\obj\Debug\tinyxmlparser.obj
C:\of_v0.8.4_vs_release\apps\myApps\kinectBlender2\obj\Debug\cl.command.1.tlog
C:\of_v0.8.4_vs_release\apps\myApps\kinectBlender2\obj\Debug\CL.read.1.tlog
C:\of_v0.8.4_vs_release\apps\myApps\kinectBlender2\obj\Debug\CL.write.1.tlog
C:\of_v0.8.4_vs_release\apps\myApps\kinectBlender2\obj\Debug\kinectBlender2.write.1.tlog
C:\of_v0.8.4_vs_release\apps\myApps\kinectBlender2\obj\Debug\link-cvtres.read.1.tlog
C:\of_v0.8.4_vs_release\apps\myApps\kinectBlender2\obj\Debug\link-cvtres.write.1.tlog
C:\of_v0.8.4_vs_release\apps\myApps\kinectBlender2\obj\Debug\link-rc.read.1.tlog
C:\of_v0.8.4_vs_release\apps\myApps\kinectBlender2\obj\Debug\link-rc.write.1.tlog
C:\of_v0.8.4_vs_release\apps\myApps\kinectBlender2\obj\Debug\link.1264-cvtres.read.1.tlog
C:\of_v0.8.4_vs_release\apps\myApps\kinectBlender2\obj\Debug\link.1264-cvtres.write.1.tlog
C:\of_v0.8.4_vs_release\apps\myApps\kinectBlender2\obj\Debug\link.1264-rc.read.1.tlog
C:\of_v0.8.4_vs_release\apps\myApps\kinectBlender2\obj\Debug\link.1264-rc.write.1.tlog
C:\of_v0.8.4_vs_release\apps\myApps\kinectBlender2\obj\Debug\link.1264.read.1.tlog
C:\of_v0.8.4_vs_release\apps\myApps\kinectBlender2\obj\Debug\link.1264.write.1.tlog
C:\of_v0.8.4_vs_release\apps\myApps\kinectBlender2\obj\Debug\link.command.1.tlog
C:\of_v0.8.4_vs_release\apps\myApps\kinectBlender2\obj\Debug\link.read.1.tlog
C:\of_v0.8.4_vs_release\apps\myApps\kinectBlender2\obj\Debug\link.write.1.tlog
C:\of_v0.8.4_vs_release\apps\myApps\kinectBlender2\obj\Debug\rc.command.1.tlog
C:\of_v0.8.4_vs_release\apps\myApps\kinectBlender2\obj\Debug\rc.read.1.tlog
C:\of_v0.8.4_vs_release\apps\myApps\kinectBlender2\obj\Debug\rc.write.1.tlog
C:\of_v0.8.4_vs_release\apps\myApps\kinectBlender2\obj\Debug\icon.res
C:\of_v0.8.4_vs_release\apps\myApps\kinectBlender2\obj\Debug\vc110.idb
C:\of_v0.8.4_vs_release\apps\myApps\kinectBlender2\obj\Debug\vc110.pdb
C:\of_v0.8.4_vs_release\apps\myApps\kinectBlender2\bin\kinectBlender2_debug.exe
